Started GET "/articles" for 127.0.0.1 at 2018-06-30 17:58:07 -0300
  
ActionController::RoutingError (No route matches [GET] "/articles"):
  
actionpack (5.2.0) lib/action_dispatch/middleware/debug_exceptions.rb:65:in `call'
web-console (3.6.2) lib/web_console/middleware.rb:135:in `call_app'
web-console (3.6.2) lib/web_console/middleware.rb:30:in `block in call'
web-console (3.6.2) lib/web_console/middleware.rb:20:in `catch'
web-console (3.6.2) lib/web_console/middleware.rb:20:in `call'
actionpack (5.2.0) lib/action_dispatch/middleware/show_exceptions.rb:33:in `call'
railties (5.2.0) lib/rails/rack/logger.rb:38:in `call_app'
railties (5.2.0) lib/rails/rack/logger.rb:26:in `block in call'
activesupport (5.2.0) lib/active_support/tagged_logging.rb:71:in `block in tagged'
activesupport (5.2.0) lib/active_support/tagged_logging.rb:28:in `tagged'
activesupport (5.2.0) lib/active_support/tagged_logging.rb:71:in `tagged'
railties (5.2.0) lib/rails/rack/logger.rb:26:in `call'
sprockets-rails (3.2.1) lib/sprockets/rails/quiet_assets.rb:13:in `call'
actionpack (5.2.0) lib/action_dispatch/middleware/remote_ip.rb:81:in `call'
actionpack (5.2.0) lib/action_dispatch/middleware/request_id.rb:27:in `call'
rack (2.0.5) lib/rack/method_override.rb:22:in `call'
rack (2.0.5) lib/rack/runtime.rb:22:in `call'
activesupport (5.2.0) lib/active_support/cache/strategy/local_cache_middleware.rb:29:in `call'
actionpack (5.2.0) lib/action_dispatch/middleware/executor.rb:14:in `call'
actionpack (5.2.0) lib/action_dispatch/middleware/static.rb:127:in `call'
rack (2.0.5) lib/rack/sendfile.rb:111:in `call'
railties (5.2.0) lib/rails/engine.rb:524:in `call'
puma (3.11.4) lib/puma/configuration.rb:225:in `call'
puma (3.11.4) lib/puma/server.rb:632:in `handle_request'
puma (3.11.4) lib/puma/server.rb:446:in `process_client'
puma (3.11.4) lib/puma/server.rb:306:in `block in run'
puma (3.11.4) lib/puma/thread_pool.rb:120:in `block in spawn_thread'
Started GET "/" for 127.0.0.1 at 2018-06-30 17:58:11 -0300
Processing by Rails::WelcomeController#index as HTML
  Rendering /var/lib/gems/2.3.0/gems/railties-5.2.0/lib/rails/templates/rails/welcome/index.html.erb
  Rendered /var/lib/gems/2.3.0/gems/railties-5.2.0/lib/rails/templates/rails/welcome/index.html.erb (3.9ms)
Completed 200 OK in 10ms (Views: 6.2ms | ActiveRecord: 0.0ms)


Started GET "/home/index" for 127.0.0.1 at 2018-06-30 17:58:19 -0300
Processing by HomeController#index as HTML
  Rendering home/index.html.erb within layouts/home
  Rendered home/index.html.erb within layouts/home (0.2ms)
Completed 500 Internal Server Error in 620ms (ActiveRecord: 0.0ms)



Sprockets::Rails::Helper::AssetNotFound - The asset "apple-touch-icon-144x144-precomposed.png" is not present in the asset pipeline.:
  app/views/layouts/home.html.erb:14:in `_app_views_layouts_home_html_erb__2797463389676392782_34963560'

Started POST "/__better_errors/50966a359f7e08a6/variables" for 127.0.0.1 at 2018-06-30 17:58:20 -0300
Started GET "/rails/info/routes" for 127.0.0.1 at 2018-06-30 17:58:23 -0300
Processing by Rails::InfoController#routes as HTML
  Rendering /var/lib/gems/2.3.0/gems/railties-5.2.0/lib/rails/templates/rails/info/routes.html.erb within layouts/application
  Rendered collection of /var/lib/gems/2.3.0/gems/actionpack-5.2.0/lib/action_dispatch/middleware/templates/routes/_route.html.erb [6 times] (2.2ms)
  Rendered /var/lib/gems/2.3.0/gems/actionpack-5.2.0/lib/action_dispatch/middleware/templates/routes/_table.html.erb (1.4ms)
  Rendered /var/lib/gems/2.3.0/gems/railties-5.2.0/lib/rails/templates/rails/info/routes.html.erb within layouts/application (6.1ms)
Completed 200 OK in 13ms (Views: 9.6ms | ActiveRecord: 0.0ms)


Started GET "/home/index" for 127.0.0.1 at 2018-06-30 17:58:30 -0300
Processing by HomeController#index as HTML
  Rendering home/index.html.erb within layouts/home
  Rendered home/index.html.erb within layouts/home (0.6ms)
Completed 500 Internal Server Error in 55ms (ActiveRecord: 0.0ms)



Sprockets::Rails::Helper::AssetNotFound - The asset "apple-touch-icon-144x144-precomposed.png" is not present in the asset pipeline.:
  app/views/layouts/home.html.erb:14:in `_app_views_layouts_home_html_erb__2797463389676392782_10657980'

Started POST "/__better_errors/e36df580de51371a/variables" for 127.0.0.1 at 2018-06-30 17:58:30 -0300
Started GET "/home" for 127.0.0.1 at 2018-06-30 17:58:34 -0300
  
ActionController::RoutingError (No route matches [GET] "/home"):
  
actionpack (5.2.0) lib/action_dispatch/middleware/debug_exceptions.rb:65:in `call'
web-console (3.6.2) lib/web_console/middleware.rb:135:in `call_app'
web-console (3.6.2) lib/web_console/middleware.rb:30:in `block in call'
web-console (3.6.2) lib/web_console/middleware.rb:20:in `catch'
web-console (3.6.2) lib/web_console/middleware.rb:20:in `call'
actionpack (5.2.0) lib/action_dispatch/middleware/show_exceptions.rb:33:in `call'
railties (5.2.0) lib/rails/rack/logger.rb:38:in `call_app'
railties (5.2.0) lib/rails/rack/logger.rb:26:in `block in call'
activesupport (5.2.0) lib/active_support/tagged_logging.rb:71:in `block in tagged'
activesupport (5.2.0) lib/active_support/tagged_logging.rb:28:in `tagged'
activesupport (5.2.0) lib/active_support/tagged_logging.rb:71:in `tagged'
railties (5.2.0) lib/rails/rack/logger.rb:26:in `call'
sprockets-rails (3.2.1) lib/sprockets/rails/quiet_assets.rb:13:in `call'
actionpack (5.2.0) lib/action_dispatch/middleware/remote_ip.rb:81:in `call'
actionpack (5.2.0) lib/action_dispatch/middleware/request_id.rb:27:in `call'
rack (2.0.5) lib/rack/method_override.rb:22:in `call'
rack (2.0.5) lib/rack/runtime.rb:22:in `call'
activesupport (5.2.0) lib/active_support/cache/strategy/local_cache_middleware.rb:29:in `call'
actionpack (5.2.0) lib/action_dispatch/middleware/executor.rb:14:in `call'
actionpack (5.2.0) lib/action_dispatch/middleware/static.rb:127:in `call'
rack (2.0.5) lib/rack/sendfile.rb:111:in `call'
railties (5.2.0) lib/rails/engine.rb:524:in `call'
puma (3.11.4) lib/puma/configuration.rb:225:in `call'
puma (3.11.4) lib/puma/server.rb:632:in `handle_request'
puma (3.11.4) lib/puma/server.rb:446:in `process_client'
puma (3.11.4) lib/puma/server.rb:306:in `block in run'
puma (3.11.4) lib/puma/thread_pool.rb:120:in `block in spawn_thread'
Started GET "/" for 127.0.0.1 at 2018-06-30 17:58:52 -0300
Processing by HomeController#index as HTML
  Rendering home/index.html.erb within layouts/home
  Rendered home/index.html.erb within layouts/home (0.3ms)
Completed 500 Internal Server Error in 18ms (ActiveRecord: 0.0ms)



Sprockets::Rails::Helper::AssetNotFound - The asset "apple-touch-icon-144x144-precomposed.png" is not present in the asset pipeline.:
  app/views/layouts/home.html.erb:14:in `_app_views_layouts_home_html_erb__2797463389676392782_70109083313700'

Started POST "/__better_errors/f5e19f55c9204e97/variables" for 127.0.0.1 at 2018-06-30 17:58:52 -0300
Started GET "/" for 127.0.0.1 at 2018-06-30 17:59:45 -0300
Processing by HomeController#index as HTML
  Rendering home/index.html.erb within layouts/home
  Rendered home/index.html.erb within layouts/home (1.7ms)
Completed 200 OK in 118ms (Views: 113.2ms | ActiveRecord: 0.0ms)


